<?xml version="1.0" encoding="UTF-8"?>
<!-- Generated by org.testng.reporters.JUnitReportReporter -->
<testsuite hostname="MCSW69SLPC0022" failures="0" tests="1" name="testScripts.TC_04" time="29.625" errors="0" timestamp="2025-02-02T19:46:00 IST" skipped="0">
  <testcase classname="testScripts.TC_04" name="testCase4" time="29.625"/>
  <system-out/>
</testsuite> <!-- testScripts.TC_04 -->
