<?xml version="1.0" encoding="UTF-8"?>
<!-- Generated by org.testng.reporters.JUnitReportReporter -->
<testsuite hostname="MCSW69SLPC0022" failures="0" tests="1" name="testScripts.TC_10" time="190.552" errors="0" timestamp="2025-02-03T18:50:06 IST" skipped="0">
  <testcase classname="testScripts.TC_10" name="testCase10" time="190.552"/>
  <system-out/>
</testsuite> <!-- testScripts.TC_10 -->
