<?xml version="1.0" encoding="UTF-8"?>
<!-- Generated by org.testng.reporters.JUnitReportReporter -->
<testsuite hostname="MCSW69SLPC0022" failures="0" tests="1" name="testScripts.TC_06" time="14.281" errors="0" timestamp="2025-02-04T09:47:37 IST" skipped="0">
  <testcase classname="testScripts.TC_06" name="testCase06" time="14.281"/>
  <system-out/>
</testsuite> <!-- testScripts.TC_06 -->
