<?xml version="1.0" encoding="UTF-8"?>
<!-- Generated by org.testng.reporters.JUnitReportReporter -->
<testsuite hostname="MCSW69SLPC0022" failures="0" tests="2" name="testScripts.TC_09" time="18.257" errors="0" timestamp="2025-02-04T09:47:37 IST" skipped="0">
  <testcase classname="testScripts.TC_09" name="testCase10" time="3.030"/>
  <system-out/>
  <testcase classname="testScripts.TC_09" name="testCase09" time="15.227"/>
  <system-out/>
</testsuite> <!-- testScripts.TC_09 -->
