<?xml version="1.0" encoding="UTF-8"?>
<!-- Generated by org.testng.reporters.JUnitReportReporter -->
<testsuite hostname="MCSW69SLPC0022" failures="0" tests="1" name="testScripts.TC_06" time="37.785" errors="0" timestamp="2025-02-03T15:14:08 IST" skipped="0">
  <testcase classname="testScripts.TC_06" name="testCase06" time="37.785"/>
  <system-out/>
</testsuite> <!-- testScripts.TC_06 -->
