<?xml version="1.0" encoding="UTF-8"?>
<!-- Generated by org.testng.reporters.JUnitReportReporter -->
<testsuite hostname="MCSW69SLPC0022" failures="0" tests="2" name="testScripts.TC_09" time="73.869" errors="0" timestamp="2025-02-03T15:14:08 IST" skipped="0">
  <testcase classname="testScripts.TC_09" name="testCase09" time="69.855"/>
  <system-out/>
  <testcase classname="testScripts.TC_09" name="testCase10" time="4.014"/>
  <system-out/>
</testsuite> <!-- testScripts.TC_09 -->
